2026-04-10 19:02:52,407  INFO      INDUCED-SEISMICITY PIPELINE — 2026-04-10 19:02:52
2026-04-10 19:02:52,407  INFO      Running steps: [0, 1, 2, 3, 4, 5, 6, 7, 8, 9, 10, 11, 12]
2026-04-10 19:02:52,407  INFO      ======================================================================
2026-04-10 19:02:52,407  INFO      ▶  swd_data_import.py
2026-04-10 19:02:52,407  INFO         Filter SWD records to Midland Basin (extended schema)
2026-04-10 19:02:52,407  INFO      ======================================================================
2026-04-10 19:02:59,497  INFO      ✓  swd_data_import.py — done in 7.1s
2026-04-10 19:02:59,498  INFO      ======================================================================
2026-04-10 19:02:59,498  INFO      ▶  seismic_data_import.py
2026-04-10 19:02:59,498  INFO         Filter TexNet catalog with quality cuts
2026-04-10 19:02:59,498  INFO      ======================================================================
2026-04-10 19:03:00,221  INFO      ✓  seismic_data_import.py — done in 0.7s
2026-04-10 19:03:00,221  INFO      ======================================================================
2026-04-10 19:03:00,221  INFO      ▶  build_well_day_panel.py
2026-04-10 19:03:00,221  INFO         Build (well, day) panel + rolling features + BHP
2026-04-10 19:03:00,221  INFO      ======================================================================
2026-04-10 19:03:09,553  INFO      ✓  build_well_day_panel.py — done in 9.3s
2026-04-10 19:03:09,553  INFO      ======================================================================
2026-04-10 19:03:09,553  INFO      ▶  spatiotemporal_join.py
2026-04-10 19:03:09,554  INFO         Spatiotemporal join: events → panel for 1..20 km
2026-04-10 19:03:09,554  INFO      ======================================================================
2026-04-10 19:06:23,614  INFO      ✓  spatiotemporal_join.py — done in 194.1s
2026-04-10 19:06:23,615  INFO      ======================================================================
2026-04-10 19:06:23,615  INFO      ▶  add_geoscience_to_panel.py
2026-04-10 19:06:23,615  INFO         Per-well fault distance + per-radius segment counts
2026-04-10 19:06:23,615  INFO      ======================================================================
2026-04-10 19:09:48,997  INFO      ✓  add_geoscience_to_panel.py — done in 205.4s
2026-04-10 19:09:48,997  INFO      ======================================================================
2026-04-10 19:09:48,997  INFO      ▶  dowhy_simple_all.py
2026-04-10 19:09:48,997  INFO         Well-day causal analysis (no bootstrap)
2026-04-10 19:09:48,997  INFO      ======================================================================
2026-04-10 19:11:18,266  INFO      ✓  dowhy_simple_all.py — done in 89.3s
2026-04-10 19:11:18,267  INFO      ======================================================================
2026-04-10 19:11:18,267  INFO      ▶  dowhy_simple_all_aggregate.py
2026-04-10 19:11:18,267  INFO         Event-level (cluster-day) causal analysis (no bootstrap)
2026-04-10 19:11:18,267  INFO      ======================================================================
2026-04-10 19:19:58,206  INFO      ✓  dowhy_simple_all_aggregate.py — done in 519.9s
2026-04-10 19:19:58,207  INFO      ======================================================================
2026-04-10 19:19:58,207  INFO      ▶  dowhy_ci.py
2026-04-10 19:19:58,207  INFO         Well-day analysis with cluster-bootstrap CIs + refutations
2026-04-10 19:19:58,207  INFO      ======================================================================
2026-04-10 19:26:15,626  INFO      ✓  dowhy_ci.py — done in 377.4s
2026-04-10 19:26:15,627  INFO      ======================================================================
2026-04-10 19:26:15,627  INFO      ▶  dowhy_ci_aggregated.py
2026-04-10 19:26:15,627  INFO         Event-level analysis with cluster-bootstrap CIs + refutations
2026-04-10 19:26:15,627  INFO      ======================================================================
2026-04-10 19:37:09,843  INFO      ✓  dowhy_ci_aggregated.py — done in 654.2s
2026-04-10 19:37:09,843  INFO      ======================================================================
2026-04-10 19:37:09,843  INFO      ▶  causal_poe_curves.py
2026-04-10 19:37:09,843  INFO         PoE curves and per-radius figures
2026-04-10 19:37:09,844  INFO      ======================================================================
2026-04-10 19:44:52,995  INFO      ✓  causal_poe_curves.py — done in 463.2s
2026-04-10 19:44:52,995  INFO      ======================================================================
2026-04-10 19:44:52,995  INFO      ▶  killer_visualizations.py
2026-04-10 19:44:52,995  INFO         Individual vs aggregate comparison dashboards
2026-04-10 19:44:52,995  INFO      ======================================================================
2026-04-10 19:45:05,779  INFO      ✓  killer_visualizations.py — done in 12.8s
2026-04-10 19:45:05,779  INFO      ======================================================================
2026-04-10 19:45:05,779  INFO      ▶  induced_seismicity_scaling_plots.py
2026-04-10 19:45:05,779  INFO         Effect-vs-distance scaling plots
2026-04-10 19:45:05,779  INFO      ======================================================================
2026-04-10 19:45:06,700  INFO      ✓  induced_seismicity_scaling_plots.py — done in 0.9s
2026-04-10 19:45:06,700  INFO      ======================================================================
2026-04-10 19:45:06,700  INFO      ▶  measure_balrog.py
2026-04-10 19:45:06,700  INFO         Animated magnitude histogram
2026-04-10 19:45:06,700  INFO      ======================================================================
2026-04-10 19:45:07,677  INFO      ✓  measure_balrog.py — done in 1.0s
2026-04-10 19:45:07,677  INFO      ======================================================================
2026-04-10 19:45:07,677  INFO      PIPELINE COMPLETE — total 2535.3s (42.3 min)
2026-04-10 19:45:07,677  INFO      ======================================================================
2026-04-10 19:45:07,677  INFO      #   Script                                   Status Elapsed
2026-04-10 19:45:07,677  INFO      0   swd_data_import.py                       OK     7.1s
2026-04-10 19:45:07,677  INFO      1   seismic_data_import.py                   OK     0.7s
2026-04-10 19:45:07,677  INFO      2   build_well_day_panel.py                  OK     9.3s
2026-04-10 19:45:07,677  INFO      3   spatiotemporal_join.py                   OK     194.1s
2026-04-10 19:45:07,677  INFO      4   add_geoscience_to_panel.py               OK     205.4s
2026-04-10 19:45:07,677  INFO      5   dowhy_simple_all.py                      OK     89.3s
2026-04-10 19:45:07,677  INFO      6   dowhy_simple_all_aggregate.py            OK     519.9s
2026-04-10 19:45:07,677  INFO      7   dowhy_ci.py                              OK     377.4s
2026-04-10 19:45:07,677  INFO      8   dowhy_ci_aggregated.py                   OK     654.2s
2026-04-10 19:45:07,677  INFO      9   causal_poe_curves.py                     OK     463.2s
2026-04-10 19:45:07,677  INFO      10  killer_visualizations.py                 OK     12.8s
2026-04-10 19:45:07,677  INFO      11  induced_seismicity_scaling_plots.py      OK     0.9s
2026-04-10 19:45:07,677  INFO      12  measure_balrog.py                        OK     1.0s
